<?xml version="1.0" encoding="UTF-8"?>
<!-- Generated by org.testng.reporters.JUnitReportReporter -->
<testsuite hostname="LAPTOP-8VKI63NR" failures="0" tests="9" name="org.test.Praveen" time="31.106" errors="0" timestamp="2021-03-01T20:54:10 IST" skipped="0">
  <testcase classname="org.test.Praveen" name="test7" time="2.084"/>
  <system-out/>
  <testcase classname="org.test.Praveen" name="test6" time="2.080"/>
  <system-out/>
  <testcase classname="org.test.Praveen" name="login" time="14.157"/>
  <system-out/>
  <testcase classname="org.test.Praveen" name="test1" time="2.099"/>
  <system-out/>
  <testcase classname="org.test.Praveen" name="test5" time="2.080"/>
  <system-out/>
  <testcase classname="org.test.Praveen" name="test8" time="2.403"/>
  <system-out/>
  <testcase classname="org.test.Praveen" name="test3" time="2.076"/>
  <system-out/>
  <testcase classname="org.test.Praveen" name="test4" time="2.066"/>
  <system-out/>
  <testcase classname="org.test.Praveen" name="test2" time="2.061"/>
  <system-out/>
</testsuite> <!-- org.test.Praveen -->
